<?xml version="1.0" encoding="UTF-8"?>
<!-- Generated by org.testng.reporters.JUnitXMLReporter -->
<testsuite ignored="0" hostname="SKYWALKER" failures="0" tests="3" name="Default test" time="17.94" errors="0" timestamp="2022-12-12T17:52:46 IST">
  <testcase classname="Sample_Maven_ELF39.DemoWebShop_Register_Test" name="p2" time="9.957"/>
  <testcase classname="Sample_Maven_ELF39.Demowebshop_SearchTest" name="TC01" time="7.906"/>
  <testcase classname="Sample_Maven_ELF39.MavenDemoTest" name="demo" time="0.003"/>
</testsuite> <!-- Default test -->
