<?xml version="1.0" encoding="UTF-8"?>
<!-- Generated by org.testng.reporters.JUnitXMLReporter -->
<testsuite ignored="0" hostname="SKYWALKER" failures="2" tests="3" name="Test" time="4.896" errors="0" timestamp="2022-12-12T17:17:07 IST">
  <testcase classname="Sample_Maven_ELF39.MavenDemoTest" name="demo" time="0.016"/>
  <testcase classname="Sample_Maven_ELF39.DemoWebShop_Register_Test" name="p2" time="3.257">
    <failure type="org.openqa.selenium.SessionNotCreatedException" message="session not created: This version of ChromeDriver only supports Chrome version 106
Current browser version is 108.0.5359.73 with binary path C:\Program Files\Google\Chrome\Application\chrome.exe
Build info: version: &amp;apos;3.7.1&amp;apos;, revision: &amp;apos;8a0099a&amp;apos;, time: &amp;apos;2017-11-06T21:01:39.354Z&amp;apos;
System info: host: &amp;apos;SKYWALKER&amp;apos;, ip: &amp;apos;10.10.60.118&amp;apos;, os.name: &amp;apos;Windows 10&amp;apos;, os.arch: &amp;apos;amd64&amp;apos;, os.version: &amp;apos;10.0&amp;apos;, java.version: &amp;apos;17.0.4.1&amp;apos;
Driver info: driver.version: ChromeDriver
remote stacktrace: Backtrace:
	Ordinal0 [0x01391ED3+2236115]
	Ordinal0 [0x013292F1+1807089]
	Ordinal0 [0x012366FD+812797]
	Ordinal0 [0x01258C6D+953453]
	Ordinal0 [0x01254200+934400]
	Ordinal0 [0x012519C9+924105]
	Ordinal0 [0x0128806C+1146988]
	Ordinal0 [0x01287A6A+1145450]
	Ordinal0 [0x012818A6+1120422]
	Ordinal0 [0x0125A73D+960317]
	Ordinal0 [0x0125B71F+964383]
	GetHandleVerifier [0x0163E7E2+2743074]
	GetHandleVerifier [0x016308D4+2685972]
	GetHandleVerifier [0x01422BAA+532202]
	GetHandleVerifier [0x01421990+527568]
	Ordinal0 [0x0133080C+1837068]
	Ordinal0 [0x01334CD8+1854680]
	Ordinal0 [0x01334DC5+1854917]
	Ordinal0 [0x0133ED64+1895780]
	BaseThreadInitThunk [0x74B78674+36]
	RtlGetAppContainerNamedObjectPath [0x77C35E17+311]
	RtlGetAppContainerNamedObjectPath [0x77C35DE7+263]
">
      <![CDATA[org.openqa.selenium.SessionNotCreatedException: session not created: This version of ChromeDriver only supports Chrome version 106
Current browser version is 108.0.5359.73 with binary path C:\Program Files\Google\Chrome\Application\chrome.exe
Build info: version: '3.7.1', revision: '8a0099a', time: '2017-11-06T21:01:39.354Z'
System info: host: 'SKYWALKER', ip: '10.10.60.118', os.name: 'Windows 10', os.arch: 'amd64', os.version: '10.0', java.version: '17.0.4.1'
Driver info: driver.version: ChromeDriver
remote stacktrace: Backtrace:
Ordinal0 [0x01391ED3+2236115]
Ordinal0 [0x013292F1+1807089]
Ordinal0 [0x012366FD+812797]
Ordinal0 [0x01258C6D+953453]
Ordinal0 [0x01254200+934400]
Ordinal0 [0x012519C9+924105]
Ordinal0 [0x0128806C+1146988]
Ordinal0 [0x01287A6A+1145450]
Ordinal0 [0x012818A6+1120422]
Ordinal0 [0x0125A73D+960317]
Ordinal0 [0x0125B71F+964383]
GetHandleVerifier [0x0163E7E2+2743074]
GetHandleVerifier [0x016308D4+2685972]
GetHandleVerifier [0x01422BAA+532202]
GetHandleVerifier [0x01421990+527568]
Ordinal0 [0x0133080C+1837068]
Ordinal0 [0x01334CD8+1854680]
Ordinal0 [0x01334DC5+1854917]
Ordinal0 [0x0133ED64+1895780]
BaseThreadInitThunk [0x74B78674+36]
RtlGetAppContainerNamedObjectPath [0x77C35E17+311]
RtlGetAppContainerNamedObjectPath [0x77C35DE7+263]

at org.openqa.selenium.remote.W3CHandshakeResponse.lambda$new$0(W3CHandshakeResponse.java:57)
at org.openqa.selenium.remote.W3CHandshakeResponse.lambda$getResponseFunction$2(W3CHandshakeResponse.java:104)
at org.openqa.selenium.remote.ProtocolHandshake.lambda$createSession$0(ProtocolHandshake.java:123)
at java.base/java.util.stream.ReferencePipeline$3$1.accept(ReferencePipeline.java:197)
at java.base/java.util.Spliterators$ArraySpliterator.tryAdvance(Spliterators.java:1002)
at java.base/java.util.stream.ReferencePipeline.forEachWithCancel(ReferencePipeline.java:129)
at java.base/java.util.stream.AbstractPipeline.copyIntoWithCancel(AbstractPipeline.java:527)
at java.base/java.util.stream.AbstractPipeline.copyInto(AbstractPipeline.java:513)
at java.base/java.util.stream.AbstractPipeline.wrapAndCopyInto(AbstractPipeline.java:499)
at java.base/java.util.stream.FindOps$FindOp.evaluateSequential(FindOps.java:150)
at java.base/java.util.stream.AbstractPipeline.evaluate(AbstractPipeline.java:234)
at java.base/java.util.stream.ReferencePipeline.findFirst(ReferencePipeline.java:647)
at org.openqa.selenium.remote.ProtocolHandshake.createSession(ProtocolHandshake.java:126)
at org.openqa.selenium.remote.ProtocolHandshake.createSession(ProtocolHandshake.java:73)
at org.openqa.selenium.remote.HttpCommandExecutor.execute(HttpCommandExecutor.java:142)
at org.openqa.selenium.remote.service.DriverCommandExecutor.execute(DriverCommandExecutor.java:83)
at org.openqa.selenium.remote.RemoteWebDriver.execute(RemoteWebDriver.java:600)
at org.openqa.selenium.remote.RemoteWebDriver.startSession(RemoteWebDriver.java:219)
at org.openqa.selenium.remote.RemoteWebDriver.<init>(RemoteWebDriver.java:142)
at org.openqa.selenium.chrome.ChromeDriver.<init>(ChromeDriver.java:181)
at org.openqa.selenium.chrome.ChromeDriver.<init>(ChromeDriver.java:168)
at org.openqa.selenium.chrome.ChromeDriver.<init>(ChromeDriver.java:123)
at Sample_Maven_ELF39.DemoWebShop_Register_Test.p2(DemoWebShop_Register_Test.java:14)
at java.base/java.util.ArrayList.forEach(ArrayList.java:1511)
... Removed 32 stack frames]]>
    </failure>
  </testcase> <!-- p2 -->
  <testcase classname="Sample_Maven_ELF39.Demowebshop_SearchTest" name="TC01" time="1.533">
    <failure type="org.openqa.selenium.SessionNotCreatedException" message="session not created: This version of ChromeDriver only supports Chrome version 106
Current browser version is 108.0.5359.73 with binary path C:\Program Files\Google\Chrome\Application\chrome.exe
Build info: version: &amp;apos;3.7.1&amp;apos;, revision: &amp;apos;8a0099a&amp;apos;, time: &amp;apos;2017-11-06T21:01:39.354Z&amp;apos;
System info: host: &amp;apos;SKYWALKER&amp;apos;, ip: &amp;apos;10.10.60.118&amp;apos;, os.name: &amp;apos;Windows 10&amp;apos;, os.arch: &amp;apos;amd64&amp;apos;, os.version: &amp;apos;10.0&amp;apos;, java.version: &amp;apos;17.0.4.1&amp;apos;
Driver info: driver.version: ChromeDriver
remote stacktrace: Backtrace:
	Ordinal0 [0x01391ED3+2236115]
	Ordinal0 [0x013292F1+1807089]
	Ordinal0 [0x012366FD+812797]
	Ordinal0 [0x01258C6D+953453]
	Ordinal0 [0x01254200+934400]
	Ordinal0 [0x012519C9+924105]
	Ordinal0 [0x0128806C+1146988]
	Ordinal0 [0x01287A6A+1145450]
	Ordinal0 [0x012818A6+1120422]
	Ordinal0 [0x0125A73D+960317]
	Ordinal0 [0x0125B71F+964383]
	GetHandleVerifier [0x0163E7E2+2743074]
	GetHandleVerifier [0x016308D4+2685972]
	GetHandleVerifier [0x01422BAA+532202]
	GetHandleVerifier [0x01421990+527568]
	Ordinal0 [0x0133080C+1837068]
	Ordinal0 [0x01334CD8+1854680]
	Ordinal0 [0x01334DC5+1854917]
	Ordinal0 [0x0133ED64+1895780]
	BaseThreadInitThunk [0x74B78674+36]
	RtlGetAppContainerNamedObjectPath [0x77C35E17+311]
	RtlGetAppContainerNamedObjectPath [0x77C35DE7+263]
">
      <![CDATA[org.openqa.selenium.SessionNotCreatedException: session not created: This version of ChromeDriver only supports Chrome version 106
Current browser version is 108.0.5359.73 with binary path C:\Program Files\Google\Chrome\Application\chrome.exe
Build info: version: '3.7.1', revision: '8a0099a', time: '2017-11-06T21:01:39.354Z'
System info: host: 'SKYWALKER', ip: '10.10.60.118', os.name: 'Windows 10', os.arch: 'amd64', os.version: '10.0', java.version: '17.0.4.1'
Driver info: driver.version: ChromeDriver
remote stacktrace: Backtrace:
Ordinal0 [0x01391ED3+2236115]
Ordinal0 [0x013292F1+1807089]
Ordinal0 [0x012366FD+812797]
Ordinal0 [0x01258C6D+953453]
Ordinal0 [0x01254200+934400]
Ordinal0 [0x012519C9+924105]
Ordinal0 [0x0128806C+1146988]
Ordinal0 [0x01287A6A+1145450]
Ordinal0 [0x012818A6+1120422]
Ordinal0 [0x0125A73D+960317]
Ordinal0 [0x0125B71F+964383]
GetHandleVerifier [0x0163E7E2+2743074]
GetHandleVerifier [0x016308D4+2685972]
GetHandleVerifier [0x01422BAA+532202]
GetHandleVerifier [0x01421990+527568]
Ordinal0 [0x0133080C+1837068]
Ordinal0 [0x01334CD8+1854680]
Ordinal0 [0x01334DC5+1854917]
Ordinal0 [0x0133ED64+1895780]
BaseThreadInitThunk [0x74B78674+36]
RtlGetAppContainerNamedObjectPath [0x77C35E17+311]
RtlGetAppContainerNamedObjectPath [0x77C35DE7+263]

at org.openqa.selenium.remote.W3CHandshakeResponse.lambda$new$0(W3CHandshakeResponse.java:57)
at org.openqa.selenium.remote.W3CHandshakeResponse.lambda$getResponseFunction$2(W3CHandshakeResponse.java:104)
at org.openqa.selenium.remote.ProtocolHandshake.lambda$createSession$0(ProtocolHandshake.java:123)
at java.base/java.util.stream.ReferencePipeline$3$1.accept(ReferencePipeline.java:197)
at java.base/java.util.Spliterators$ArraySpliterator.tryAdvance(Spliterators.java:1002)
at java.base/java.util.stream.ReferencePipeline.forEachWithCancel(ReferencePipeline.java:129)
at java.base/java.util.stream.AbstractPipeline.copyIntoWithCancel(AbstractPipeline.java:527)
at java.base/java.util.stream.AbstractPipeline.copyInto(AbstractPipeline.java:513)
at java.base/java.util.stream.AbstractPipeline.wrapAndCopyInto(AbstractPipeline.java:499)
at java.base/java.util.stream.FindOps$FindOp.evaluateSequential(FindOps.java:150)
at java.base/java.util.stream.AbstractPipeline.evaluate(AbstractPipeline.java:234)
at java.base/java.util.stream.ReferencePipeline.findFirst(ReferencePipeline.java:647)
at org.openqa.selenium.remote.ProtocolHandshake.createSession(ProtocolHandshake.java:126)
at org.openqa.selenium.remote.ProtocolHandshake.createSession(ProtocolHandshake.java:73)
at org.openqa.selenium.remote.HttpCommandExecutor.execute(HttpCommandExecutor.java:142)
at org.openqa.selenium.remote.service.DriverCommandExecutor.execute(DriverCommandExecutor.java:83)
at org.openqa.selenium.remote.RemoteWebDriver.execute(RemoteWebDriver.java:600)
at org.openqa.selenium.remote.RemoteWebDriver.startSession(RemoteWebDriver.java:219)
at org.openqa.selenium.remote.RemoteWebDriver.<init>(RemoteWebDriver.java:142)
at org.openqa.selenium.chrome.ChromeDriver.<init>(ChromeDriver.java:181)
at org.openqa.selenium.chrome.ChromeDriver.<init>(ChromeDriver.java:168)
at org.openqa.selenium.chrome.ChromeDriver.<init>(ChromeDriver.java:123)
at Sample_Maven_ELF39.Demowebshop_SearchTest.TC01(Demowebshop_SearchTest.java:14)
at java.base/java.util.ArrayList.forEach(ArrayList.java:1511)
... Removed 32 stack frames]]>
    </failure>
  </testcase> <!-- TC01 -->
</testsuite> <!-- Test -->
