<?xml version="1.0" encoding="UTF-8"?>
<testng-results ignored="0" total="3" passed="3" failed="0" skipped="0">
  <reporter-output>
  </reporter-output>
  <suite started-at="2022-12-12T17:52:28 IST" name="Default suite" finished-at="2022-12-12T17:52:46 IST" duration-ms="17940">
    <groups>
    </groups>
    <test started-at="2022-12-12T17:52:28 IST" name="Default test" finished-at="2022-12-12T17:52:46 IST" duration-ms="17940">
      <class name="Sample_Maven_ELF39.DemoWebShop_Register_Test">
        <test-method signature="p2()[pri:0, instance:Sample_Maven_ELF39.DemoWebShop_Register_Test@4470f8a6]" started-at="2022-12-12T17:52:28 IST" name="p2" finished-at="2022-12-12T17:52:38 IST" duration-ms="9957" status="PASS">
          <reporter-output>
          </reporter-output>
        </test-method> <!-- p2 -->
      </class> <!-- Sample_Maven_ELF39.DemoWebShop_Register_Test -->
      <class name="Sample_Maven_ELF39.Demowebshop_SearchTest">
        <test-method signature="TC01()[pri:0, instance:Sample_Maven_ELF39.Demowebshop_SearchTest@7c83dc97]" started-at="2022-12-12T17:52:38 IST" name="TC01" finished-at="2022-12-12T17:52:46 IST" duration-ms="7906" status="PASS">
          <reporter-output>
          </reporter-output>
        </test-method> <!-- TC01 -->
      </class> <!-- Sample_Maven_ELF39.Demowebshop_SearchTest -->
      <class name="Sample_Maven_ELF39.MavenDemoTest">
        <test-method signature="demo()[pri:0, instance:Sample_Maven_ELF39.MavenDemoTest@7748410a]" started-at="2022-12-12T17:52:46 IST" name="demo" finished-at="2022-12-12T17:52:46 IST" duration-ms="3" status="PASS">
          <reporter-output>
          </reporter-output>
        </test-method> <!-- demo -->
      </class> <!-- Sample_Maven_ELF39.MavenDemoTest -->
    </test> <!-- Default test -->
  </suite> <!-- Default suite -->
</testng-results>
