<?xml version="1.0" encoding="UTF-8"?>
<testng-results ignored="0" total="1" passed="1" failed="0" skipped="0">
  <reporter-output>
  </reporter-output>
  <suite started-at="2022-11-17T17:22:02 IST" name="Default suite" finished-at="2022-11-17T17:22:13 IST" duration-ms="11535">
    <groups>
    </groups>
    <test started-at="2022-11-17T17:22:02 IST" name="Default test" finished-at="2022-11-17T17:22:13 IST" duration-ms="11535">
      <class name="Sample_Maven_ELF39.DemoWebShop_Register_Test">
        <test-method signature="p2()[pri:0, instance:Sample_Maven_ELF39.DemoWebShop_Register_Test@672872e1]" started-at="2022-11-17T17:22:02 IST" name="p2" finished-at="2022-11-17T17:22:13 IST" duration-ms="11452" status="PASS">
          <reporter-output>
          </reporter-output>
        </test-method> <!-- p2 -->
      </class> <!-- Sample_Maven_ELF39.DemoWebShop_Register_Test -->
    </test> <!-- Default test -->
  </suite> <!-- Default suite -->
</testng-results>
